<?xml version="1.0" encoding="UTF-8"?>
<!-- Generated by org.testng.reporters.JUnitReportReporter -->
<testsuite hostname="LAPTOP-HM27NJ2J" failures="0" tests="1" name="AxisDatadriven.ReadExcel" time="6.701" errors="0" timestamp="2024-02-28T12:00:24 IST" skipped="0">
  <testcase classname="AxisDatadriven.ReadExcel" name="fblogin" time="6.701"/>
  <system-out/>
</testsuite> <!-- AxisDatadriven.ReadExcel -->
