<?xml version="1.0" encoding="UTF-8"?>
<!-- Generated by org.testng.reporters.JUnitReportReporter -->
<testsuite hostname="LAPTOP-HM27NJ2J" failures="0" tests="1" name="AxisDatadriven.writeToExcel" time="7.470" errors="0" timestamp="2024-02-27T14:12:15 IST" skipped="0">
  <testcase classname="AxisDatadriven.writeToExcel" name="fblogin" time="7.470"/>
  <system-out/>
</testsuite> <!-- AxisDatadriven.writeToExcel -->
