<?xml version="1.0" encoding="UTF-8"?>
<!-- Generated by org.testng.reporters.JUnitReportReporter -->
<testsuite hostname="LAPTOP-HM27NJ2J" failures="0" tests="1" name="AxisDatadriven.ReadExcel" time="4.697" errors="0" timestamp="2024-02-28T11:29:55 IST" skipped="0">
  <testcase classname="AxisDatadriven.ReadExcel" name="fblogin" time="4.697"/>
  <system-out/>
</testsuite> <!-- AxisDatadriven.ReadExcel -->
